2025-12-11 16:55:14,563 - INFO - Model building script started.
2025-12-11 16:59:22,708 - INFO - Model building script started.
2025-12-11 16:59:22,708 - INFO - Loaded parameters from params.yaml successfully
2025-12-11 16:59:22,708 - INFO - Loading training data from: ./data/features/train_bow.csv
2025-12-11 16:59:22,723 - INFO - Loaded training dataframe with 8299 rows
2025-12-11 16:59:22,723 - INFO - Preparing features and labels
2025-12-11 16:59:22,723 - INFO - Training dataset: X_shape=(8299, 100), y_length=8299
2025-12-11 16:59:22,723 - INFO - Initializing GradientBoostingClassifier (n_estimators=100, learning_rate=0.1)
2025-12-11 16:59:23,076 - INFO - Model training completed successfully
2025-12-11 16:59:23,078 - INFO - Model saved successfully at models/emotion_model.pkl
2025-12-12 15:25:36,715 - INFO - Model building script started.
2025-12-12 15:25:36,716 - INFO - Loaded parameters from params.yaml successfully
2025-12-12 15:25:36,716 - INFO - Loading training data from: ./data/features/train_bow.csv
2025-12-12 15:25:36,729 - INFO - Loaded training dataframe with 8299 rows
2025-12-12 15:25:36,729 - INFO - Preparing features and labels
2025-12-12 15:25:36,729 - INFO - Training dataset: X_shape=(8299, 100), y_length=8299
2025-12-12 15:25:36,730 - INFO - Initializing GradientBoostingClassifier (n_estimators=150, learning_rate=0.1)
2025-12-12 15:25:37,256 - INFO - Model training completed successfully
2025-12-12 15:25:37,258 - INFO - Model saved successfully at models/emotion_model.pkl
2025-12-12 15:51:29,773 - INFO - Model building script started.
2025-12-12 15:51:29,773 - INFO - Loaded parameters from params.yaml successfully
2025-12-12 15:51:29,773 - INFO - Loading training data from: ./data/features/train_bow.csv
2025-12-12 15:51:29,783 - INFO - Loaded training dataframe with 7261 rows
2025-12-12 15:51:29,783 - INFO - Preparing features and labels
2025-12-12 15:51:29,783 - INFO - Training dataset: X_shape=(7261, 100), y_length=7261
2025-12-12 15:51:29,783 - INFO - Initializing GradientBoostingClassifier (n_estimators=150, learning_rate=0.1)
2025-12-12 15:51:30,250 - INFO - Model training completed successfully
2025-12-12 15:51:30,251 - INFO - Model saved successfully at models/emotion_model.pkl
2025-12-12 15:55:33,086 - INFO - Model building script started.
2025-12-12 15:55:33,086 - INFO - Loaded parameters from params.yaml successfully
2025-12-12 15:55:33,086 - INFO - Loading training data from: ./data/features/train_bow.csv
2025-12-12 15:55:33,086 - ERROR - Training file not found: ./data/features/train_bow.csv
2025-12-12 15:55:33,086 - ERROR - Fatal error in model building pipeline: [Errno 2] No such file or directory: './data/features/train_bow.csv'
2025-12-12 15:57:59,123 - INFO - Model building script started.
2025-12-12 15:57:59,123 - INFO - Loaded parameters from params.yaml successfully
2025-12-12 15:57:59,123 - INFO - Loading training data from: ./data/features/train_TFIDF.csv
2025-12-12 15:57:59,143 - INFO - Loaded training dataframe with 7261 rows
2025-12-12 15:57:59,143 - INFO - Preparing features and labels
2025-12-12 15:57:59,146 - INFO - Training dataset: X_shape=(7261, 100), y_length=7261
2025-12-12 15:57:59,146 - INFO - Initializing GradientBoostingClassifier (n_estimators=150, learning_rate=0.1)
2025-12-12 15:57:59,854 - INFO - Model training completed successfully
2025-12-12 15:57:59,856 - INFO - Model saved successfully at models/emotion_model.pkl
2025-12-12 16:10:20,897 - INFO - Model building script started.
2025-12-12 16:10:20,897 - INFO - Loaded parameters from params.yaml successfully
2025-12-12 16:10:20,897 - INFO - Loading training data from: ./data/features/train_TFIDF.csv
2025-12-12 16:10:20,916 - INFO - Loaded training dataframe with 8299 rows
2025-12-12 16:10:20,916 - INFO - Preparing features and labels
2025-12-12 16:10:20,918 - INFO - Training dataset: X_shape=(8299, 100), y_length=8299
2025-12-12 16:10:20,918 - INFO - Initializing GradientBoostingClassifier (n_estimators=150, learning_rate=0.1)
2025-12-12 16:10:21,738 - INFO - Model training completed successfully
2025-12-12 16:10:21,739 - INFO - Model saved successfully at models/emotion_model.pkl
